-----------------------------------
9/29/2023 10:46:17 AM
9/29/2023 10:46:17 AM Error reading parameters
DocumentType   = 
LFSuffix       = 
DocumentID     = 
Branch         = 
InsurerCode    = 
DocumentNumber = 
SubscriberCode = 
-----------------------------------
9/29/2023 11:56:56 AM
9/29/2023 11:56:56 AM Error reading parameters
DocumentType   = 
LFSuffix       = 
DocumentID     = 
Branch         = 
InsurerCode    = 
DocumentNumber = 
SubscriberCode = 
-----------------------------------
9/29/2023 12:03:07 PM
9/29/2023 12:03:07 PM Error reading parameters
DocumentType   = 
LFSuffix       = 
DocumentID     = 
Branch         = 
InsurerCode    = 
DocumentNumber = 
SubscriberCode = 
-----------------------------------
9/29/2023 3:37:52 PM
DocumentType   = OFFER
LFSuffix       = att2
DocumentID     = att3
Branch         = att4
InsurerCode    = att5
DocumentNumber = att6
SubscriberCode = att7
-----------------------------------
9/29/2023 3:38:14 PM
DocumentType   = OFFER
LFSuffix       = att2
DocumentID     = att3
Branch         = att4
InsurerCode    = att5
DocumentNumber = att6
SubscriberCode = att7
-----------------------------------
9/29/2023 3:43:56 PM
DocumentType   = OFFER
LFSuffix       = att2
DocumentID     = att3
Branch         = att4
InsurerCode    = att5
DocumentNumber = att6
SubscriberCode = att7
9/29/2023 3:44:34 PM Laserfiche is closed, trying to open it
-----------------------------------
9/29/2023 3:46:31 PM
DocumentType   = OFFER
LFSuffix       = att2
DocumentID     = att3
Branch         = att4
InsurerCode    = att5
DocumentNumber = att6
SubscriberCode = att7
9/29/2023 3:46:44 PM Laserfiche is closed, trying to open it
-----------------------------------
9/29/2023 3:47:04 PM
DocumentType   = OFFER
LFSuffix       = att2
DocumentID     = att3
Branch         = att4
InsurerCode    = att5
DocumentNumber = att6
SubscriberCode = att7
9/29/2023 3:47:25 PM Laserfiche is closed, trying to open it
-----------------------------------
9/29/2023 3:48:41 PM
DocumentType   = OFFER
LFSuffix       = att2
DocumentID     = att3
Branch         = att4
InsurerCode    = att5
DocumentNumber = att6
SubscriberCode = att7
9/29/2023 3:48:53 PM Laserfiche is closed, trying to open it
9/29/2023 3:49:06 PM Not logged into a database, try to open new connection.
9/29/2023 3:49:13 PM DestFolder = \OFFER
9/29/2023 4:09:38 PM DocName = att6-att2
Laserfiche Client Interface is Closed, Trying to load it
Search Syntax: {}
Search Syntax after replace: {}
9/29/2023 4:15:54 PM Cannot find volume Default
-----------------------------------
9/29/2023 4:16:01 PM
DocumentType   = OFFER
LFSuffix       = att2
DocumentID     = att3
Branch         = att4
InsurerCode    = att5
DocumentNumber = att6
SubscriberCode = att7
-----------------------------------
9/29/2023 4:27:32 PM
DocumentType   = OFFER
LFSuffix       = att2
DocumentID     = att3
Branch         = att4
InsurerCode    = att5
DocumentNumber = att6
SubscriberCode = att7
9/29/2023 4:28:13 PM DestFolder = \OFFER
9/29/2023 4:28:13 PM DocName = att6-att2
Search Syntax: {}
Search Syntax after replace: {}
9/29/2023 4:28:28 PM Cannot create destination folder = Unable to cast COM object of type 'System.__ComObject' to interface type 'LFSO83Lib.LFFolder'. This operation failed because the QueryInterface call on the COM component for the interface with IID '{E24AFCD3-3CEA-4A7D-AFF3-A578C86DE38D}' failed due to the following error: No such interface supported (Exception from HRESULT: 0x80004002 (E_NOINTERFACE)).
-----------------------------------
9/29/2023 4:28:59 PM
DocumentType   = OFFER
LFSuffix       = att2
DocumentID     = att3
Branch         = att4
InsurerCode    = att5
DocumentNumber = att6
SubscriberCode = att7
9/29/2023 4:29:07 PM DestFolder = \OFFER
9/29/2023 4:29:07 PM DocName = att6-att2
Search Syntax: {}
Search Syntax after replace: {}
9/29/2023 4:29:07 PM Document created = 6285
9/29/2023 4:29:07 PM Template name = Offer
9/29/2023 4:29:10 PM Cannot find Template Offer (DocType = OFFER
-----------------------------------
9/29/2023 4:29:51 PM
DocumentType   = OFFER
LFSuffix       = att2
DocumentID     = att3
Branch         = att4
InsurerCode    = att5
DocumentNumber = att6
SubscriberCode = att7
-----------------------------------
9/29/2023 4:30:14 PM
DocumentType   = OFFER
LFSuffix       = att2
DocumentID     = att3
Branch         = att4
InsurerCode    = att5
DocumentNumber = att6
SubscriberCode = att7
9/29/2023 4:30:28 PM Not logged into a database, try to open new connection.
9/29/2023 4:30:33 PM DestFolder = \OFFER
9/29/2023 4:30:36 PM DocName = att6-att2
Laserfiche Client Interface is Closed, Trying to load it
Search Syntax: {}
Search Syntax after replace: {}
-----------------------------------
9/29/2023 4:31:47 PM
DocumentType   = OFFER
LFSuffix       = att2
DocumentID     = att3
Branch         = att4
InsurerCode    = att5
DocumentNumber = att6
SubscriberCode = att7
9/29/2023 4:32:00 PM DestFolder = \OFFER
9/29/2023 4:32:01 PM DocName = att6-att2
Search Syntax: {}
Search Syntax after replace: {}
9/29/2023 4:32:33 PM Cannot create new document = Could not create object (duplicate exists).
-----------------------------------
10/2/2023 11:26:49 AM
DocumentType   = OFFER
LFSuffix       = att2
DocumentID     = att3
Branch         = att4
InsurerCode    = att5
DocumentNumber = att6
SubscriberCode = att7
10/2/2023 11:26:49 AM Laserfiche is closed, trying to open it
10/2/2023 12:18:36 PM DestFolder = \OFFER
10/2/2023 12:18:36 PM DocName = att6-att2
Search Syntax: {}
Search Syntax after replace: {}
10/2/2023 12:18:45 PM Cannot create new document = Could not create object (duplicate exists).
-----------------------------------
10/2/2023 12:18:49 PM
DocumentType   = OFFER
LFSuffix       = att2
DocumentID     = att3
Branch         = att4
InsurerCode    = att5
DocumentNumber = att6
SubscriberCode = att7
10/2/2023 12:19:08 PM DestFolder = \OFFER
10/2/2023 12:19:11 PM DocName = att6-att2
Search Syntax: {}
Search Syntax after replace: {}
-----------------------------------
10/2/2023 12:29:41 PM
DocumentType   = OFFER
LFSuffix       = att2
DocumentID     = att3
Branch         = att4
InsurerCode    = att5
DocumentNumber = att6
SubscriberCode = att7
-----------------------------------
10/2/2023 2:10:36 PM
DocumentType   = OFFER
LFSuffix       = att2
DocumentID     = att3
Branch         = att4
InsurerCode    = att5
DocumentNumber = att6
SubscriberCode = att7
10/2/2023 2:10:52 PM DestFolder = \OFFER
10/2/2023 2:10:52 PM DocName = att6-att2
Search Syntax: {}
Search Syntax after replace: {}
10/2/2023 2:10:52 PMError: A syntax error was encountered while processing the search or query statement.
10/2/2023 2:11:03 PM Cannot create new document = Could not create object (duplicate exists).
-----------------------------------
10/2/2023 2:11:18 PM
DocumentType   = OFFER
LFSuffix       = att2
DocumentID     = att3
Branch         = att4
InsurerCode    = att5
DocumentNumber = att6
SubscriberCode = att7
10/2/2023 2:11:19 PM DestFolder = \OFFER
10/2/2023 2:11:19 PM DocName = att6-att2
Search Syntax: {}
Search Syntax after replace: {}
10/2/2023 2:11:19 PMError: A syntax error was encountered while processing the search or query statement.
10/2/2023 2:11:22 PM Cannot create new document = Could not create object (duplicate exists).
-----------------------------------
10/2/2023 2:11:42 PM
DocumentType   = OFFER
LFSuffix       = att2
DocumentID     = att3
Branch         = att4
InsurerCode    = att5
DocumentNumber = att6
SubscriberCode = att7
10/2/2023 2:12:07 PM DestFolder = \OFFER
10/2/2023 2:12:10 PM DocName = att6-att2
Search Syntax: {}
Search Syntax after replace: {}
-----------------------------------
10/2/2023 2:13:57 PM
DocumentType   = OFFER
LFSuffix       = att2
DocumentID     = att3
Branch         = att4
InsurerCode    = att5
DocumentNumber = att6
SubscriberCode = att7
10/2/2023 2:14:08 PM DestFolder = \OFFER
10/2/2023 2:14:11 PM DocName = att6-att2
Search Syntax: {LF:Name="Attrib06-Attrib02", Type="D"}
Search Syntax after replace: {LF:Name="att6-att2", Type="D"}
Search result: att6-att2
-----------------------------------
10/2/2023 2:16:57 PM
DocumentType   = OFFER
LFSuffix       = att2
DocumentID     = att3
Branch         = att4
InsurerCode    = att5
DocumentNumber = att6
SubscriberCode = att7
10/2/2023 2:16:59 PM DestFolder = \OFFER
10/2/2023 2:16:59 PM DocName = att6-att2
Search Syntax: {LF:Name="Attrib06-Attrib02", Type="D"}
Search Syntax after replace: {LF:Name="att6-att2", Type="D"}
Search result: att6-att2
10/2/2023 2:16:59 PM DocID = 6285
10/2/2023 2:16:59 PM Opening Laserfiche Document Viewer
10/2/2023 2:16:59 PM Laserfiche Document Viewer opened
-----------------------------------
10/2/2023 2:17:08 PM
DocumentType   = OFFER
LFSuffix       = att2
DocumentID     = att3
Branch         = att4
InsurerCode    = att5
DocumentNumber = att6
SubscriberCode = att7
10/2/2023 2:17:12 PM DestFolder = \OFFER
10/2/2023 2:17:12 PM DocName = att6-att2
Search Syntax: {LF:Name="Attrib06-Attrib02", Type="D"}
Search Syntax after replace: {LF:Name="att6-att2", Type="D"}
Search result: att6-att2
10/2/2023 2:17:12 PM DocID = 6285
10/2/2023 2:17:13 PM Opening Laserfiche Document Viewer
10/2/2023 2:17:14 PM Laserfiche Document Viewer opened
-----------------------------------
10/2/2023 3:07:06 PM
DocumentType   = OFFER
LFSuffix       = att2
DocumentID     = att3
Branch         = att4
InsurerCode    = att5
DocumentNumber = att6
SubscriberCode = att7
10/2/2023 3:07:27 PM DestFolder = \OFFER
10/2/2023 3:07:30 PM DocName = att6-att2
Search Syntax: {LF:Name="Attrib06-Attrib02", Type="D"}
Search Syntax after replace: {LF:Name="att6-att2", Type="D"}
Search result: att6-att2
10/2/2023 3:07:44 PM DocID = 6285
10/2/2023 3:07:48 PM Opening Laserfiche Document Viewer
-----------------------------------
10/13/2023 10:08:15 AM
DocumentType   = OFFER
LFSuffix       = att2
DocumentID     = att3
Branch         = att4
InsurerCode    = att5
DocumentNumber = att6
SubscriberCode = att7
10/13/2023 10:08:15 AM Laserfiche is closed, trying to open it
10/13/2023 10:09:18 AM DestFolder = \OFFER
10/13/2023 10:10:20 AM DocName = att6-att2
Search Syntax: {LF:Name="Attrib06-Attrib02", Type="D"}
Search Syntax after replace: {LF:Name="att6-att2", Type="D"}
Search result: att6-att2
10/13/2023 10:11:27 AM DocID = 6285
10/13/2023 10:11:27 AM Opening Laserfiche Document Viewer
10/13/2023 10:11:30 AM Laserfiche Document Viewer opened
-----------------------------------
2/1/2024 3:46:32 PM
DocumentType   = OFFER
LFSuffix       = att2
DocumentID     = att3
Branch         = att4
InsurerCode    = att5
DocumentNumber = att6
SubscriberCode = att7
2/1/2024 3:46:32 PM Laserfiche is closed, trying to open it
2/1/2024 3:46:56 PM DestFolder = \OFFER
2/1/2024 3:46:56 PM DocName = att6-att2
Search Syntax: {LF:Name="Attrib06-Attrib02", Type="D"}
Search Syntax after replace: {LF:Name="att6-att2", Type="D"}
Search result: att6-att2
2/1/2024 3:46:56 PM DocID = 6285
2/1/2024 3:46:56 PM Opening Laserfiche Document Viewer
2/1/2024 3:46:57 PM Laserfiche Document Viewer opened
-----------------------------------
2/7/2024 11:41:48 AM
DocumentType   = OFFER
LFSuffix       = att2
DocumentID     = att3
Branch         = att4
InsurerCode    = att5
DocumentNumber = att6
SubscriberCode = att7
2/7/2024 11:41:48 AM Laserfiche is closed, trying to open it
2/7/2024 11:41:51 AM DestFolder = \OFFER
2/7/2024 11:41:51 AM DocName = att6-att2
Search Syntax: {LF:Name="Attrib06-Attrib02", Type="D"}
Search Syntax after replace: {LF:Name="att6-att2", Type="D"}
Search result: att6-att2
2/7/2024 11:41:52 AM DocID = 6285
2/7/2024 11:41:52 AM Opening Laserfiche Document Viewer
2/7/2024 11:41:53 AM Laserfiche Document Viewer opened
-----------------------------------
2/7/2024 11:43:58 AM
DocumentType   = OFFER
LFSuffix       = att2
DocumentID     = att3
Branch         = att4
InsurerCode    = att5
DocumentNumber = att6
SubscriberCode = att7
2/7/2024 11:43:58 AM DestFolder = \OFFER
2/7/2024 11:43:58 AM DocName = att6-att2
Search Syntax: {LF:Name="Attrib06-Attrib02", Type="D"}
Search Syntax after replace: {LF:Name="att6-att2", Type="D"}
Search result: att6-att2
2/7/2024 11:43:58 AM DocID = 6285
2/7/2024 11:43:58 AM Opening Laserfiche Document Viewer
2/7/2024 11:43:58 AM Laserfiche Document Viewer opened
-----------------------------------
2/7/2024 11:44:48 AM
DocumentType   = OFFER
LFSuffix       = att2
DocumentID     = att3
Branch         = att4
InsurerCode    = att5
DocumentNumber = att6
SubscriberCode = att7
2/7/2024 11:44:48 AM DestFolder = \OFFER
2/7/2024 11:44:48 AM DocName = att6-att2
Search Syntax: {LF:Name="Attrib06-Attrib02", Type="D"}
Search Syntax after replace: {LF:Name="att6-att2", Type="D"}
Search result: att6-att2
2/7/2024 11:44:48 AM DocID = 6285
2/7/2024 11:44:48 AM Opening Laserfiche Document Viewer
2/7/2024 11:44:49 AM Laserfiche Document Viewer opened
-----------------------------------
2/7/2024 11:56:45 AM
DocumentType   = OFFER
LFSuffix       = att2
DocumentID     = att3
Branch         = att4
InsurerCode    = att5
DocumentNumber = att6
SubscriberCode = att7
2/7/2024 12:15:19 PM DestFolder = \OFFER
2/7/2024 12:15:19 PM DocName = att6-att2
Search Syntax: {LF:Name="Attrib06-Attrib02", Type="D"}
Search Syntax after replace: {LF:Name="att6-att2", Type="D"}
Search result: att6-att2
2/7/2024 12:15:19 PM DocID = 6285
2/7/2024 12:15:19 PM Opening Laserfiche Document Viewer
2/7/2024 12:15:20 PM Laserfiche Document Viewer opened
-----------------------------------
2/7/2024 12:18:03 PM
DocumentType   = OFFER
LFSuffix       = att2
DocumentID     = att3
Branch         = att4
InsurerCode    = att5
DocumentNumber = att6
SubscriberCode = att7
2/7/2024 12:18:03 PM DestFolder = \OFFER
2/7/2024 12:18:03 PM DocName = att6-att2
Search Syntax: {LF:Name="Attrib06-Attrib02", Type="D"}
Search Syntax after replace: {LF:Name="att6-att2", Type="D"}
2/7/2024 12:18:03 PMError: The object is not identified, and cannot be locked or read from.
2/7/2024 12:18:07 PM Document created = 10386
2/7/2024 12:18:07 PM Template name = Offer
2/7/2024 12:18:10 PM Cannot find Template Offer (DocType = OFFER
-----------------------------------
2/7/2024 12:18:46 PM
DocumentType   = Title
LFSuffix       = Dead
DocumentID     = att2
Branch         = att3
InsurerCode    = att4
DocumentNumber = att5
SubscriberCode = att6
Sorry, error while reading Title.ini. Please check this file
-----------------------------------
2/7/2024 12:18:59 PM
DocumentType   = Title
LFSuffix       = Dead
DocumentID     = att2
Branch         = att3
InsurerCode    = att4
DocumentNumber = att5
SubscriberCode = att6
Sorry, error while reading Title.ini. Please check this file
-----------------------------------
2/7/2024 12:19:22 PM
DocumentType   = Title_Dead
LFSuffix       = att2
DocumentID     = att3
Branch         = att4
InsurerCode    = att5
DocumentNumber = att6
SubscriberCode = att7
-----------------------------------
2/7/2024 12:19:51 PM
DocumentType   = Title_Dead
LFSuffix       = att2
DocumentID     = att3
Branch         = att4
InsurerCode    = att5
DocumentNumber = att6
SubscriberCode = att7
2/7/2024 12:19:52 PM DestFolder = \Title_Dead
2/7/2024 12:19:52 PM DocName = att6-att2
Search Syntax: {[Attrib01]:[]="Attrib03", Type="D"}
Search Syntax after replace: {[Title_Dead]:[]="att3", Type="D"}
2/7/2024 12:19:52 PMError: Could not find the template schema specified.
2/7/2024 12:19:52 PM Document created = 10388
2/7/2024 12:19:52 PM Template name = Offer
-----------------------------------
2/7/2024 12:20:09 PM
DocumentType   = Title_Dead
LFSuffix       = att2
DocumentID     = att3
Branch         = att4
InsurerCode    = att5
DocumentNumber = att6
SubscriberCode = att7
2/7/2024 12:20:09 PM DestFolder = \Title_Dead
2/7/2024 12:20:09 PM DocName = att6-att2
Search Syntax: {[Attrib01]:[]="Attrib03", Type="D"}
Search Syntax after replace: {[Title_Dead]:[]="att3", Type="D"}
2/7/2024 12:20:09 PMError: The object is not identified, and cannot be locked or read from.
2/7/2024 12:20:45 PM Cannot create new document = Could not create object (duplicate exists).
-----------------------------------
2/7/2024 12:20:58 PM
DocumentType   = Title_Dead
LFSuffix       = att2
DocumentID     = att3
Branch         = att4
InsurerCode    = att5
DocumentNumber = att6
SubscriberCode = att7
2/7/2024 12:20:58 PM DestFolder = \Title_Dead
2/7/2024 12:20:58 PM DocName = att6-att2
Search Syntax: {[Attrib01]:[]="Attrib03", Type="D"}
Search Syntax after replace: {[Title_Dead]:[]="att3", Type="D"}
2/7/2024 12:20:58 PMError: The object is not identified, and cannot be locked or read from.
2/7/2024 12:20:59 PM Cannot create new document = Could not create object (duplicate exists).
-----------------------------------
2/7/2024 12:22:09 PM
DocumentType   = TitleDead
LFSuffix       = att2
DocumentID     = att3
Branch         = att4
InsurerCode    = att5
DocumentNumber = att6
SubscriberCode = att7
2/7/2024 12:22:09 PM DestFolder = \TitleDead
2/7/2024 12:22:09 PM DocName = att6-att2
Search Syntax: {[Attrib01]:[]="Attrib03", Type="D"}
Search Syntax after replace: {[TitleDead]:[]="att3", Type="D"}
2/7/2024 12:22:09 PMError: Could not find the template schema specified.
2/7/2024 12:22:09 PM Document created = 10392
2/7/2024 12:22:09 PM Template name = TitleDead
2/7/2024 12:22:11 PM Cannot find Template TitleDead (DocType = TitleDead
-----------------------------------
2/7/2024 12:22:30 PM
DocumentType   = TitleDead
LFSuffix       = att2
DocumentID     = att3
Branch         = att4
InsurerCode    = att5
DocumentNumber = att6
SubscriberCode = att7
2/7/2024 12:22:30 PM DestFolder = \TitleDead
2/7/2024 12:22:30 PM DocName = att6-att2
Search Syntax: {[Attrib01]:[]="Attrib03", Type="D"}
Search Syntax after replace: {[TitleDead]:[]="att3", Type="D"}
2/7/2024 12:22:30 PMError: The object is not identified, and cannot be locked or read from.
2/7/2024 12:22:38 PM Cannot create new document = Could not create object (duplicate exists).
-----------------------------------
2/7/2024 12:25:25 PM
DocumentType   = TitleDead
LFSuffix       = att2
DocumentID     = att3
Branch         = att4
InsurerCode    = att5
DocumentNumber = att6
SubscriberCode = att7
2/7/2024 12:25:25 PM DestFolder = \TitleDead
2/7/2024 12:25:25 PM DocName = att6-att2
Search Syntax: {[Attrib01]:[]="Attrib03", Type="D"}
Search Syntax after replace: {[TitleDead]:[]="att3", Type="D"}
2/7/2024 12:25:25 PMError: The object is not identified, and cannot be locked or read from.
2/7/2024 12:25:26 PM Cannot create new document = Could not create object (duplicate exists).
-----------------------------------
2/7/2024 12:25:32 PM
-----------------------------------
2/7/2024 12:26:49 PM
-----------------------------------
2/7/2024 12:27:24 PM
2/7/2024 12:27:48 PM Error reading parameters
DocumentType   = TitleDead
LFSuffix       = ViewAll
DocumentID     = 2;3;4;5;6
Branch         = 
InsurerCode    = 
DocumentNumber = 
SubscriberCode = 
-----------------------------------
2/7/2024 12:27:59 PM
2/7/2024 12:27:59 PM Error reading parameters
DocumentType   = TitleDead
LFSuffix       = ViewAll
DocumentID     = 2;3;4;5;6
Branch         = 
InsurerCode    = 
DocumentNumber = 
SubscriberCode = 
-----------------------------------
2/7/2024 12:28:32 PM
DocumentType   = TitleDead
LFSuffix       = ViewAll
DocumentID     = 2;3;4;5;6
Branch         = attr4
InsurerCode    = attr5
DocumentNumber = attr6
SubscriberCode = attr7
2/7/2024 12:28:32 PM DestFolder = \TitleDead
2/7/2024 12:28:32 PM DocName = attr6-ViewAll
Search Syntax: {[Attrib01]:[]="Attrib03", Type="D"}
Search Syntax after replace: {[TitleDead]:[]="2;3;4;5;6", Type="D"}
2/7/2024 12:28:33 PMError: The object is not identified, and cannot be locked or read from.
2/7/2024 12:28:33 PM Document created = 10395
2/7/2024 12:28:33 PM Template name = TitleDead
2/7/2024 12:28:33 PM Preparing Fields Values
2/7/2024 12:28:33 PM Error while setting Fields Values = Could not find the field specified, or the field is not part of the specified template.
2/7/2024 12:28:35 PM Error indexing Document = One or more required fields were omitted or had a blank value.
-----------------------------------
2/7/2024 12:29:06 PM
DocumentType   = TitleDead
LFSuffix       = ViewAll
DocumentID     = 2;3;4;5;6
Branch         = attr4
InsurerCode    = attr5
DocumentNumber = attr6
SubscriberCode = attr7
2/7/2024 12:29:06 PM DestFolder = \TitleDead
2/7/2024 12:29:06 PM DocName = attr6-ViewAll
Search Syntax: {[Attrib01]:[]="Attrib03", Type="D"}
Search Syntax after replace: {[TitleDead]:[]="2;3;4;5;6", Type="D"}
-----------------------------------
2/7/2024 1:42:38 PM
DocumentType   = TitleDead
LFSuffix       = ViewAll
DocumentID     = 2;3;4;5;6
Branch         = attr4
InsurerCode    = attr5
DocumentNumber = attr6
SubscriberCode = attr7
2/7/2024 1:42:38 PM DestFolder = \TitleDead
2/7/2024 1:42:38 PM DocName = attr6-ViewAll
Search Syntax: {[Attrib01]:[ID]="Attrib03", Type="D"}
Search Syntax after replace: {[TitleDead]:[ID]="2;3;4;5;6", Type="D"}
2/7/2024 1:42:38 PMError: The object is not identified, and cannot be locked or read from.
2/7/2024 1:42:44 PM Cannot create new document = Could not create object (duplicate exists).
-----------------------------------
2/7/2024 1:43:14 PM
-----------------------------------
2/7/2024 1:45:06 PM
DocumentType   = Title Dead
LFSuffix       = View All
DocumentID     = 2;3;4;5;6
Branch         = attr4
InsurerCode    = attr5
DocumentNumber = attr6
SubscriberCode = attr7
Sorry, error while reading Title Dead.ini. Please check this file
-----------------------------------
2/7/2024 1:45:40 PM
DocumentType   = Title Dead
LFSuffix       = View All
DocumentID     = 2;3;4;5;6
Branch         = attr4
InsurerCode    = attr5
DocumentNumber = attr6
SubscriberCode = attr7
2/7/2024 1:48:02 PM DestFolder = \Title Dead
2/7/2024 1:48:18 PM DocName = attr4
-----------------------------------
2/7/2024 1:49:55 PM
DocumentType   = Title Dead
LFSuffix       = View All
DocumentID     = 2;3;4;5;6
Branch         = 4
InsurerCode    = attr5
DocumentNumber = attr6
SubscriberCode = attr7
2/7/2024 1:49:59 PM DestFolder = \Title Dead
2/7/2024 1:50:01 PM DocName = 4
-----------------------------------
2/7/2024 1:50:29 PM
DocumentType   = Title Dead
LFSuffix       = View All
DocumentID     = 2;3;4;5;6
Branch         = 4
InsurerCode    = attr5
DocumentNumber = attr6
SubscriberCode = attr7
2/7/2024 1:50:29 PM DestFolder = \Title Dead
2/7/2024 1:50:39 PM DocName = 4
-----------------------------------
2/7/2024 1:50:59 PM
DocumentType   = Title Dead
LFSuffix       = View All
DocumentID     = 2;3;4;5;6
Branch         = 4
InsurerCode    = attr5
DocumentNumber = attr6
SubscriberCode = attr7
2/7/2024 1:50:59 PM DestFolder = \Title Dead
2/7/2024 1:51:02 PM DocName = 4
-----------------------------------
2/7/2024 1:51:27 PM
DocumentType   = Title Dead
LFSuffix       = View All
DocumentID     = 2;3;4;5;6
Branch         = 4
InsurerCode    = attr5
DocumentNumber = attr6
SubscriberCode = attr7
2/7/2024 1:51:27 PM DestFolder = \Title Dead
2/7/2024 1:51:27 PM DocName = 4
-----------------------------------
2/7/2024 1:52:00 PM
DocumentType   = Title Dead
LFSuffix       = View All
DocumentID     = 2;3;4;5;6
Branch         = 4
InsurerCode    = attr5
DocumentNumber = attr6
SubscriberCode = attr7
2/7/2024 1:52:00 PM DestFolder = \Title Dead
2/7/2024 1:52:00 PM DocName = 4
-----------------------------------
2/7/2024 1:57:35 PM
DocumentType   = Title Dead
LFSuffix       = View All
DocumentID     = 2;3;4;5;6
Branch         = 4
InsurerCode    = attr5
DocumentNumber = attr6
SubscriberCode = attr7
2/7/2024 1:57:35 PM DestFolder = \Title Dead
2/7/2024 1:57:35 PM DocName = 4
-----------------------------------
2/7/2024 2:03:03 PM
DocumentType   = Title Dead
LFSuffix       = View All
DocumentID     = 2;3;4;5;6
Branch         = 4
InsurerCode    = attr5
DocumentNumber = attr6
SubscriberCode = attr7
2/7/2024 2:03:03 PM DestFolder = \Title Dead
2/7/2024 2:03:03 PM DocName = 4
-----------------------------------
2/7/2024 2:03:25 PM
DocumentType   = Title Dead
LFSuffix       = View All
DocumentID     = 2;3;4;5;6
Branch         = 4
InsurerCode    = attr5
DocumentNumber = attr6
SubscriberCode = attr7
2/7/2024 2:03:25 PM DestFolder = \Title Dead
2/7/2024 2:03:25 PM DocName = 4
-----------------------------------
2/7/2024 2:03:45 PM
DocumentType   = Title Dead
LFSuffix       = View All
DocumentID     = 2;3;4;5;6
Branch         = 4
InsurerCode    = attr5
DocumentNumber = attr6
SubscriberCode = attr7
2/7/2024 2:03:45 PM Laserfiche is closed, trying to open it
2/7/2024 2:03:48 PM DestFolder = \Title Dead
2/7/2024 2:03:48 PM DocName = 4
-----------------------------------
2/7/2024 2:05:04 PM
DocumentType   = Title Dead
LFSuffix       = View All
DocumentID     = 2;3;4;5;6
Branch         = 4
InsurerCode    = attr5
DocumentNumber = attr6
SubscriberCode = attr7
2/7/2024 2:05:04 PM Laserfiche is closed, trying to open it
2/7/2024 2:05:06 PM DestFolder = \Title Dead
2/7/2024 2:05:06 PM DocName = 4
-----------------------------------
2/7/2024 2:06:21 PM
DocumentType   = Title Dead
LFSuffix       = View All
DocumentID     = 2;3;4;5;6
Branch         = 4
InsurerCode    = attr5
DocumentNumber = attr6
SubscriberCode = attr7
2/7/2024 2:06:21 PM DestFolder = \Title Dead
2/7/2024 2:06:21 PM DocName = 4
-----------------------------------
2/7/2024 2:07:45 PM
DocumentType   = Title Dead
LFSuffix       = View All
DocumentID     = 2;3;4;5;6
Branch         = 4
InsurerCode    = attr5
DocumentNumber = attr6
SubscriberCode = attr7
-----------------------------------
2/7/2024 2:08:21 PM
DocumentType   = Title Dead
LFSuffix       = View All
DocumentID     = 2;3;4;5;6
Branch         = 4
InsurerCode    = attr5
DocumentNumber = attr6
SubscriberCode = attr7
2/7/2024 2:08:26 PM DestFolder = \Title Dead
2/7/2024 2:08:26 PM DocName = 4
-----------------------------------
2/7/2024 2:08:39 PM
DocumentType   = Title Dead
LFSuffix       = View All
DocumentID     = 2;3;4;5;6
Branch         = 4
InsurerCode    = attr5
DocumentNumber = attr6
SubscriberCode = attr7
2/7/2024 2:08:40 PM DestFolder = \Title Dead
2/7/2024 2:08:40 PM DocName = 4
-----------------------------------
2/7/2024 2:08:48 PM
DocumentType   = Title Dead
LFSuffix       = View All
DocumentID     = 2;3;4;5;6
Branch         = 4
InsurerCode    = attr5
DocumentNumber = attr6
SubscriberCode = attr7
2/7/2024 2:08:50 PM Laserfiche is closed, trying to open it
2/7/2024 2:08:52 PM DestFolder = \Title Dead
2/7/2024 2:08:52 PM DocName = 4
-----------------------------------
2/7/2024 2:08:59 PM
DocumentType   = Title Dead
LFSuffix       = View All
DocumentID     = 2;3;4;5;6
Branch         = 4
InsurerCode    = attr5
DocumentNumber = attr6
SubscriberCode = attr7
-----------------------------------
2/7/2024 2:09:29 PM
DocumentType   = Title Dead
LFSuffix       = View All
DocumentID     = 2;3;4;5;6
Branch         = 4
InsurerCode    = attr5
DocumentNumber = attr6
SubscriberCode = attr7
2/7/2024 2:09:30 PM Laserfiche is closed, trying to open it
2/7/2024 2:09:33 PM DestFolder = \Title Dead
2/7/2024 2:09:33 PM DocName = 4
-----------------------------------
2/7/2024 2:09:41 PM
DocumentType   = Title Dead
LFSuffix       = View All
DocumentID     = 2;3;4;5;6
Branch         = 4
InsurerCode    = attr5
DocumentNumber = attr6
SubscriberCode = attr7
-----------------------------------
2/7/2024 2:10:35 PM
DocumentType   = Title Dead
LFSuffix       = View All
DocumentID     = 2;3;4;5;6
Branch         = 4
InsurerCode    = attr5
DocumentNumber = attr6
SubscriberCode = attr7
2/7/2024 2:10:42 PM Laserfiche is closed, trying to open it
2/7/2024 2:10:44 PM DestFolder = \Title Dead
2/7/2024 2:10:44 PM DocName = 4
-----------------------------------
2/7/2024 2:12:34 PM
DocumentType   = Title Dead
LFSuffix       = View All
DocumentID     = 2;3;4;5;6
Branch         = 4
InsurerCode    = attr5
DocumentNumber = attr6
SubscriberCode = attr7
2/7/2024 2:12:47 PM Laserfiche is closed, trying to open it
2/7/2024 2:13:59 PM DestFolder = \Title Dead
2/7/2024 2:13:59 PM DocName = 4
-----------------------------------
2/7/2024 2:18:41 PM
DocumentType   = Title Dead
LFSuffix       = View All
DocumentID     = 2;3;4;5;6
Branch         = 4
InsurerCode    = attr5
DocumentNumber = attr6
SubscriberCode = attr7
2/7/2024 2:18:45 PM DestFolder = \Title Dead
2/7/2024 2:18:45 PM DocName = 4
-----------------------------------
2/7/2024 2:22:22 PM
DocumentType   = Title Dead
LFSuffix       = View All
DocumentID     = 2;3;4;5;6
Branch         = 4
InsurerCode    = attr5
DocumentNumber = attr6
SubscriberCode = attr7
2/7/2024 2:22:24 PM DestFolder = \Title Dead
2/7/2024 2:22:24 PM DocName = 4
-----------------------------------
2/7/2024 2:22:32 PM
DocumentType   = Title Dead
LFSuffix       = View All
DocumentID     = 2;3;4;5;6
Branch         = 4
InsurerCode    = attr5
DocumentNumber = attr6
SubscriberCode = attr7
2/7/2024 2:22:57 PM DestFolder = \Title Dead
2/7/2024 2:22:58 PM DocName = 4
-----------------------------------
2/7/2024 2:31:00 PM
DocumentType   = Title Dead
LFSuffix       = View All
DocumentID     = 2;3;4;5;6
Branch         = 4
InsurerCode    = attr5
DocumentNumber = attr6
SubscriberCode = attr7
2/7/2024 2:31:00 PM DestFolder = \Title Dead
2/7/2024 2:31:00 PM DocName = 4
Laserfiche Client Interface is Closed, Trying to load it
-----------------------------------
2/7/2024 2:31:15 PM
DocumentType   = Title Dead
LFSuffix       = View All
DocumentID     = 2;3;4;5;6
Branch         = 4
InsurerCode    = attr5
DocumentNumber = attr6
SubscriberCode = attr7
2/7/2024 2:31:15 PM DestFolder = \Title Dead
2/7/2024 2:31:15 PM DocName = 4
Laserfiche Client Interface is Closed, Trying to load it
-----------------------------------
2/7/2024 2:32:04 PM
DocumentType   = Title Dead
LFSuffix       = View Latest
DocumentID     = 2;3;4;5;6
Branch         = 6
InsurerCode    = attr5
DocumentNumber = attr6
SubscriberCode = attr7
2/7/2024 2:32:04 PM DestFolder = \Title Dead
2/7/2024 2:32:04 PM DocName = 6
-----------------------------------
2/7/2024 2:33:49 PM
DocumentType   = Title Dead
LFSuffix       = View Latest
DocumentID     = 2;3;4;5;6
Branch         = 6
InsurerCode    = attr5
DocumentNumber = attr6
SubscriberCode = attr7
2/7/2024 2:33:50 PM DestFolder = \Title Dead
2/7/2024 2:33:50 PM DocName = 6
2/7/2024 2:33:50 PM Document created = 10398
2/7/2024 2:33:50 PM Template name = TitleDead
2/7/2024 2:33:50 PM Preparing Fields Values
2/7/2024 2:33:50 PM Opening Scanning Interface
-----------------------------------
2/7/2024 2:36:15 PM
DocumentType   = Title Dead
LFSuffix       = View Latest
DocumentID     = 2;3;4;5;6
Branch         = 6
InsurerCode    = attr5
DocumentNumber = attr6
SubscriberCode = attr7
2/7/2024 2:36:15 PM DestFolder = \Title Dead
2/7/2024 2:36:15 PM DocName = 6
-----------------------------------
2/7/2024 2:37:04 PM
DocumentType   = Title Dead
LFSuffix       = View Latest
DocumentID     = 2;3;4;5;6
Branch         = 6
InsurerCode    = attr5
DocumentNumber = attr6
SubscriberCode = attr7
2/7/2024 2:37:04 PM DestFolder = \Title Dead
2/7/2024 2:37:04 PM DocName = 6
-----------------------------------
2/7/2024 2:38:54 PM
DocumentType   = Title Dead
LFSuffix       = View Latest
DocumentID     = 2;3;4;5;6
Branch         = 6
InsurerCode    = attr5
DocumentNumber = attr6
SubscriberCode = attr7
2/7/2024 2:38:54 PM DestFolder = \Title Dead
2/7/2024 2:38:54 PM DocName = 6
